<?xml version="1.0" encoding="UTF-8"?>
<!-- Generated by org.testng.reporters.JUnitReportReporter -->
<testsuite hostname="MSI" failures="0" tests="4" name="MyTestCases" time="0.085" errors="0" timestamp="2024-06-23T03:28:15 EET" skipped="0">
  <testcase classname="MyTestCases" name="checkTheLanguage" time="0.022"/>
  <system-out/>
  <testcase classname="MyTestCases" name="checkTheCurrencyIsSAR" time="0.018"/>
  <system-out/>
  <testcase classname="MyTestCases" name="checkTheContactNumber" time="0.015"/>
  <system-out/>
  <testcase classname="MyTestCases" name="checkTheQitafLogoIsThereInFooter" time="0.030"/>
  <system-out/>
</testsuite> <!-- MyTestCases -->
